c:\users\joresg\git\bachelorprojectcuda\usersimulator\usersimulator\x64\debug\vc143.pdb
c:\users\joresg\git\bachelorprojectcuda\usersimulator\usersimulator\x64\debug\vc143.idb
c:\users\joresg\git\bachelorprojectcuda\usersimulator\usersimulator\x64\debug\usersimulator.obj
c:\users\joresg\git\bachelorprojectcuda\usersimulator\usersimulator\x64\debug\cudamatrix.obj
c:\users\joresg\git\bachelorprojectcuda\usersimulator\usersimulator\x64\debug\filemanager.obj
c:\users\joresg\git\bachelorprojectcuda\usersimulator\usersimulator\x64\debug\mathhandler.cu.obj
c:\users\joresg\git\bachelorprojectcuda\usersimulator\x64\debug\usersimulator.exe
c:\users\joresg\git\bachelorprojectcuda\usersimulator\x64\debug\usersimulator.pdb
c:\users\joresg\git\bachelorprojectcuda\usersimulator\x64\debug\usersimulator.lib
c:\users\joresg\git\bachelorprojectcuda\usersimulator\x64\debug\usersimulator.exp
c:\users\joresg\git\bachelorprojectcuda\usersimulator\usersimulator\x64\debug\usersimulator.ilk
c:\users\joresg\git\bachelorprojectcuda\usersimulator\usersimulator\x64\debug\mathhandler.cu.cache
c:\users\joresg\git\bachelorprojectcuda\usersimulator\usersimulator\x64\debug\usersimulator.obj.enc
c:\users\joresg\git\bachelorprojectcuda\usersimulator\usersimulator\x64\debug\usersimulator.tlog\cl.command.1.tlog
c:\users\joresg\git\bachelorprojectcuda\usersimulator\usersimulator\x64\debug\usersimulator.tlog\cl.items.tlog
c:\users\joresg\git\bachelorprojectcuda\usersimulator\usersimulator\x64\debug\usersimulator.tlog\cl.read.1.tlog
c:\users\joresg\git\bachelorprojectcuda\usersimulator\usersimulator\x64\debug\usersimulator.tlog\cl.write.1.tlog
c:\users\joresg\git\bachelorprojectcuda\usersimulator\usersimulator\x64\debug\usersimulator.tlog\cudacompile.read.1u.tlog
c:\users\joresg\git\bachelorprojectcuda\usersimulator\usersimulator\x64\debug\usersimulator.tlog\cudacompile.write.1u.tlog
c:\users\joresg\git\bachelorprojectcuda\usersimulator\usersimulator\x64\debug\usersimulator.tlog\link.command.1.tlog
c:\users\joresg\git\bachelorprojectcuda\usersimulator\usersimulator\x64\debug\usersimulator.tlog\link.read.1.tlog
c:\users\joresg\git\bachelorprojectcuda\usersimulator\usersimulator\x64\debug\usersimulator.tlog\link.secondary.1.tlog
c:\users\joresg\git\bachelorprojectcuda\usersimulator\usersimulator\x64\debug\usersimulator.tlog\link.write.1.tlog
